[2025-12-28 13:35:47] local.ERROR: The C:\Users\Mriya\OneDrive\Documents\CAT HEALTH\backend\bootstrap\cache directory must be present and writable. {"exception":"[object] (Exception(code: 0): The C:\\Users\\Mriya\\OneDrive\\Documents\\CAT HEALTH\\backend\\bootstrap\\cache directory must be present and writable. at C:\\Users\\Mriya\\OneDrive\\Documents\\CAT HEALTH\\backend\\vendor\\laravel\\framework\\src\\Illuminate\\Foundation\\PackageManifest.php:179)
[stacktrace]
#0 C:\\Users\\Mriya\\OneDrive\\Documents\\CAT HEALTH\\backend\\vendor\\laravel\\framework\\src\\Illuminate\\Foundation\\PackageManifest.php(132): Illuminate\\Foundation\\PackageManifest->write()
#1 C:\\Users\\Mriya\\OneDrive\\Documents\\CAT HEALTH\\backend\\vendor\\laravel\\framework\\src\\Illuminate\\Foundation\\PackageManifest.php(108): Illuminate\\Foundation\\PackageManifest->build()
#2 C:\\Users\\Mriya\\OneDrive\\Documents\\CAT HEALTH\\backend\\vendor\\laravel\\framework\\src\\Illuminate\\Foundation\\PackageManifest.php(91): Illuminate\\Foundation\\PackageManifest->getManifest()
#3 C:\\Users\\Mriya\\OneDrive\\Documents\\CAT HEALTH\\backend\\vendor\\laravel\\framework\\src\\Illuminate\\Foundation\\PackageManifest.php(80): Illuminate\\Foundation\\PackageManifest->config()
#4 C:\\Users\\Mriya\\OneDrive\\Documents\\CAT HEALTH\\backend\\vendor\\laravel\\framework\\src\\Illuminate\\Foundation\\Bootstrap\\RegisterFacades.php(26): Illuminate\\Foundation\\PackageManifest->aliases()
#5 C:\\Users\\Mriya\\OneDrive\\Documents\\CAT HEALTH\\backend\\vendor\\laravel\\framework\\src\\Illuminate\\Foundation\\Application.php(342): Illuminate\\Foundation\\Bootstrap\\RegisterFacades->bootstrap()
#6 C:\\Users\\Mriya\\OneDrive\\Documents\\CAT HEALTH\\backend\\vendor\\laravel\\framework\\src\\Illuminate\\Foundation\\Console\\Kernel.php(474): Illuminate\\Foundation\\Application->bootstrapWith()
#7 C:\\Users\\Mriya\\OneDrive\\Documents\\CAT HEALTH\\backend\\vendor\\laravel\\framework\\src\\Illuminate\\Foundation\\Console\\Kernel.php(196): Illuminate\\Foundation\\Console\\Kernel->bootstrap()
#8 C:\\Users\\Mriya\\OneDrive\\Documents\\CAT HEALTH\\backend\\vendor\\laravel\\framework\\src\\Illuminate\\Foundation\\Application.php(1235): Illuminate\\Foundation\\Console\\Kernel->handle()
#9 C:\\Users\\Mriya\\OneDrive\\Documents\\CAT HEALTH\\backend\\artisan(13): Illuminate\\Foundation\\Application->handleCommand()
#10 {main}
"} 
[2025-12-28 13:36:25] local.ERROR: The C:\Users\Mriya\OneDrive\Documents\CAT HEALTH\backend\bootstrap\cache directory must be present and writable. {"exception":"[object] (Exception(code: 0): The C:\\Users\\Mriya\\OneDrive\\Documents\\CAT HEALTH\\backend\\bootstrap\\cache directory must be present and writable. at C:\\Users\\Mriya\\OneDrive\\Documents\\CAT HEALTH\\backend\\vendor\\laravel\\framework\\src\\Illuminate\\Foundation\\PackageManifest.php:179)
[stacktrace]
#0 C:\\Users\\Mriya\\OneDrive\\Documents\\CAT HEALTH\\backend\\vendor\\laravel\\framework\\src\\Illuminate\\Foundation\\PackageManifest.php(132): Illuminate\\Foundation\\PackageManifest->write()
#1 C:\\Users\\Mriya\\OneDrive\\Documents\\CAT HEALTH\\backend\\vendor\\laravel\\framework\\src\\Illuminate\\Foundation\\PackageManifest.php(108): Illuminate\\Foundation\\PackageManifest->build()
#2 C:\\Users\\Mriya\\OneDrive\\Documents\\CAT HEALTH\\backend\\vendor\\laravel\\framework\\src\\Illuminate\\Foundation\\PackageManifest.php(91): Illuminate\\Foundation\\PackageManifest->getManifest()
#3 C:\\Users\\Mriya\\OneDrive\\Documents\\CAT HEALTH\\backend\\vendor\\laravel\\framework\\src\\Illuminate\\Foundation\\PackageManifest.php(80): Illuminate\\Foundation\\PackageManifest->config()
#4 C:\\Users\\Mriya\\OneDrive\\Documents\\CAT HEALTH\\backend\\vendor\\laravel\\framework\\src\\Illuminate\\Foundation\\Bootstrap\\RegisterFacades.php(26): Illuminate\\Foundation\\PackageManifest->aliases()
#5 C:\\Users\\Mriya\\OneDrive\\Documents\\CAT HEALTH\\backend\\vendor\\laravel\\framework\\src\\Illuminate\\Foundation\\Application.php(342): Illuminate\\Foundation\\Bootstrap\\RegisterFacades->bootstrap()
#6 C:\\Users\\Mriya\\OneDrive\\Documents\\CAT HEALTH\\backend\\vendor\\laravel\\framework\\src\\Illuminate\\Foundation\\Console\\Kernel.php(474): Illuminate\\Foundation\\Application->bootstrapWith()
#7 C:\\Users\\Mriya\\OneDrive\\Documents\\CAT HEALTH\\backend\\vendor\\laravel\\framework\\src\\Illuminate\\Foundation\\Console\\Kernel.php(196): Illuminate\\Foundation\\Console\\Kernel->bootstrap()
#8 C:\\Users\\Mriya\\OneDrive\\Documents\\CAT HEALTH\\backend\\vendor\\laravel\\framework\\src\\Illuminate\\Foundation\\Application.php(1235): Illuminate\\Foundation\\Console\\Kernel->handle()
#9 C:\\Users\\Mriya\\OneDrive\\Documents\\CAT HEALTH\\backend\\artisan(13): Illuminate\\Foundation\\Application->handleCommand()
#10 {main}
"} 
[2025-12-28 13:36:27] local.ERROR: The C:\Users\Mriya\OneDrive\Documents\CAT HEALTH\backend\bootstrap\cache directory must be present and writable. {"exception":"[object] (Exception(code: 0): The C:\\Users\\Mriya\\OneDrive\\Documents\\CAT HEALTH\\backend\\bootstrap\\cache directory must be present and writable. at C:\\Users\\Mriya\\OneDrive\\Documents\\CAT HEALTH\\backend\\vendor\\laravel\\framework\\src\\Illuminate\\Foundation\\PackageManifest.php:179)
[stacktrace]
#0 C:\\Users\\Mriya\\OneDrive\\Documents\\CAT HEALTH\\backend\\vendor\\laravel\\framework\\src\\Illuminate\\Foundation\\PackageManifest.php(132): Illuminate\\Foundation\\PackageManifest->write()
#1 C:\\Users\\Mriya\\OneDrive\\Documents\\CAT HEALTH\\backend\\vendor\\laravel\\framework\\src\\Illuminate\\Foundation\\PackageManifest.php(108): Illuminate\\Foundation\\PackageManifest->build()
#2 C:\\Users\\Mriya\\OneDrive\\Documents\\CAT HEALTH\\backend\\vendor\\laravel\\framework\\src\\Illuminate\\Foundation\\PackageManifest.php(91): Illuminate\\Foundation\\PackageManifest->getManifest()
#3 C:\\Users\\Mriya\\OneDrive\\Documents\\CAT HEALTH\\backend\\vendor\\laravel\\framework\\src\\Illuminate\\Foundation\\PackageManifest.php(80): Illuminate\\Foundation\\PackageManifest->config()
#4 C:\\Users\\Mriya\\OneDrive\\Documents\\CAT HEALTH\\backend\\vendor\\laravel\\framework\\src\\Illuminate\\Foundation\\Bootstrap\\RegisterFacades.php(26): Illuminate\\Foundation\\PackageManifest->aliases()
#5 C:\\Users\\Mriya\\OneDrive\\Documents\\CAT HEALTH\\backend\\vendor\\laravel\\framework\\src\\Illuminate\\Foundation\\Application.php(342): Illuminate\\Foundation\\Bootstrap\\RegisterFacades->bootstrap()
#6 C:\\Users\\Mriya\\OneDrive\\Documents\\CAT HEALTH\\backend\\vendor\\laravel\\framework\\src\\Illuminate\\Foundation\\Console\\Kernel.php(474): Illuminate\\Foundation\\Application->bootstrapWith()
#7 C:\\Users\\Mriya\\OneDrive\\Documents\\CAT HEALTH\\backend\\vendor\\laravel\\framework\\src\\Illuminate\\Foundation\\Console\\Kernel.php(196): Illuminate\\Foundation\\Console\\Kernel->bootstrap()
#8 C:\\Users\\Mriya\\OneDrive\\Documents\\CAT HEALTH\\backend\\vendor\\laravel\\framework\\src\\Illuminate\\Foundation\\Application.php(1235): Illuminate\\Foundation\\Console\\Kernel->handle()
#9 C:\\Users\\Mriya\\OneDrive\\Documents\\CAT HEALTH\\backend\\artisan(13): Illuminate\\Foundation\\Application->handleCommand()
#10 {main}
"} 
[2025-12-28 13:36:33] local.ERROR: The C:\Users\Mriya\OneDrive\Documents\CAT HEALTH\backend\bootstrap\cache directory must be present and writable. {"exception":"[object] (Exception(code: 0): The C:\\Users\\Mriya\\OneDrive\\Documents\\CAT HEALTH\\backend\\bootstrap\\cache directory must be present and writable. at C:\\Users\\Mriya\\OneDrive\\Documents\\CAT HEALTH\\backend\\vendor\\laravel\\framework\\src\\Illuminate\\Foundation\\PackageManifest.php:179)
[stacktrace]
#0 C:\\Users\\Mriya\\OneDrive\\Documents\\CAT HEALTH\\backend\\vendor\\laravel\\framework\\src\\Illuminate\\Foundation\\PackageManifest.php(132): Illuminate\\Foundation\\PackageManifest->write()
#1 C:\\Users\\Mriya\\OneDrive\\Documents\\CAT HEALTH\\backend\\vendor\\laravel\\framework\\src\\Illuminate\\Foundation\\PackageManifest.php(108): Illuminate\\Foundation\\PackageManifest->build()
#2 C:\\Users\\Mriya\\OneDrive\\Documents\\CAT HEALTH\\backend\\vendor\\laravel\\framework\\src\\Illuminate\\Foundation\\PackageManifest.php(91): Illuminate\\Foundation\\PackageManifest->getManifest()
#3 C:\\Users\\Mriya\\OneDrive\\Documents\\CAT HEALTH\\backend\\vendor\\laravel\\framework\\src\\Illuminate\\Foundation\\PackageManifest.php(80): Illuminate\\Foundation\\PackageManifest->config()
#4 C:\\Users\\Mriya\\OneDrive\\Documents\\CAT HEALTH\\backend\\vendor\\laravel\\framework\\src\\Illuminate\\Foundation\\Bootstrap\\RegisterFacades.php(26): Illuminate\\Foundation\\PackageManifest->aliases()
#5 C:\\Users\\Mriya\\OneDrive\\Documents\\CAT HEALTH\\backend\\vendor\\laravel\\framework\\src\\Illuminate\\Foundation\\Application.php(342): Illuminate\\Foundation\\Bootstrap\\RegisterFacades->bootstrap()
#6 C:\\Users\\Mriya\\OneDrive\\Documents\\CAT HEALTH\\backend\\vendor\\laravel\\framework\\src\\Illuminate\\Foundation\\Console\\Kernel.php(474): Illuminate\\Foundation\\Application->bootstrapWith()
#7 C:\\Users\\Mriya\\OneDrive\\Documents\\CAT HEALTH\\backend\\vendor\\laravel\\framework\\src\\Illuminate\\Foundation\\Console\\Kernel.php(196): Illuminate\\Foundation\\Console\\Kernel->bootstrap()
#8 C:\\Users\\Mriya\\OneDrive\\Documents\\CAT HEALTH\\backend\\vendor\\laravel\\framework\\src\\Illuminate\\Foundation\\Application.php(1235): Illuminate\\Foundation\\Console\\Kernel->handle()
#9 C:\\Users\\Mriya\\OneDrive\\Documents\\CAT HEALTH\\backend\\artisan(13): Illuminate\\Foundation\\Application->handleCommand()
#10 {main}
"} 
[2025-12-28 13:37:05] local.ERROR: The C:\Users\Mriya\OneDrive\Documents\CAT HEALTH\backend\bootstrap\cache directory must be present and writable. {"exception":"[object] (Exception(code: 0): The C:\\Users\\Mriya\\OneDrive\\Documents\\CAT HEALTH\\backend\\bootstrap\\cache directory must be present and writable. at C:\\Users\\Mriya\\OneDrive\\Documents\\CAT HEALTH\\backend\\vendor\\laravel\\framework\\src\\Illuminate\\Foundation\\PackageManifest.php:179)
[stacktrace]
#0 C:\\Users\\Mriya\\OneDrive\\Documents\\CAT HEALTH\\backend\\vendor\\laravel\\framework\\src\\Illuminate\\Foundation\\PackageManifest.php(132): Illuminate\\Foundation\\PackageManifest->write()
#1 C:\\Users\\Mriya\\OneDrive\\Documents\\CAT HEALTH\\backend\\vendor\\laravel\\framework\\src\\Illuminate\\Foundation\\PackageManifest.php(108): Illuminate\\Foundation\\PackageManifest->build()
#2 C:\\Users\\Mriya\\OneDrive\\Documents\\CAT HEALTH\\backend\\vendor\\laravel\\framework\\src\\Illuminate\\Foundation\\PackageManifest.php(91): Illuminate\\Foundation\\PackageManifest->getManifest()
#3 C:\\Users\\Mriya\\OneDrive\\Documents\\CAT HEALTH\\backend\\vendor\\laravel\\framework\\src\\Illuminate\\Foundation\\PackageManifest.php(80): Illuminate\\Foundation\\PackageManifest->config()
#4 C:\\Users\\Mriya\\OneDrive\\Documents\\CAT HEALTH\\backend\\vendor\\laravel\\framework\\src\\Illuminate\\Foundation\\Bootstrap\\RegisterFacades.php(26): Illuminate\\Foundation\\PackageManifest->aliases()
#5 C:\\Users\\Mriya\\OneDrive\\Documents\\CAT HEALTH\\backend\\vendor\\laravel\\framework\\src\\Illuminate\\Foundation\\Application.php(342): Illuminate\\Foundation\\Bootstrap\\RegisterFacades->bootstrap()
#6 C:\\Users\\Mriya\\OneDrive\\Documents\\CAT HEALTH\\backend\\vendor\\laravel\\framework\\src\\Illuminate\\Foundation\\Console\\Kernel.php(474): Illuminate\\Foundation\\Application->bootstrapWith()
#7 C:\\Users\\Mriya\\OneDrive\\Documents\\CAT HEALTH\\backend\\vendor\\laravel\\framework\\src\\Illuminate\\Foundation\\Console\\Kernel.php(196): Illuminate\\Foundation\\Console\\Kernel->bootstrap()
#8 C:\\Users\\Mriya\\OneDrive\\Documents\\CAT HEALTH\\backend\\vendor\\laravel\\framework\\src\\Illuminate\\Foundation\\Application.php(1235): Illuminate\\Foundation\\Console\\Kernel->handle()
#9 C:\\Users\\Mriya\\OneDrive\\Documents\\CAT HEALTH\\backend\\artisan(13): Illuminate\\Foundation\\Application->handleCommand()
#10 {main}
"} 
[2025-12-28 13:38:01] local.ERROR: Please provide a valid cache path. {"exception":"[object] (InvalidArgumentException(code: 0): Please provide a valid cache path. at C:\\Users\\Mriya\\OneDrive\\Documents\\CAT HEALTH\\backend\\vendor\\laravel\\framework\\src\\Illuminate\\View\\Compilers\\Compiler.php:67)
[stacktrace]
#0 C:\\Users\\Mriya\\OneDrive\\Documents\\CAT HEALTH\\backend\\vendor\\laravel\\framework\\src\\Illuminate\\View\\ViewServiceProvider.php(97): Illuminate\\View\\Compilers\\Compiler->__construct()
#1 C:\\Users\\Mriya\\OneDrive\\Documents\\CAT HEALTH\\backend\\vendor\\laravel\\framework\\src\\Illuminate\\Container\\Container.php(952): Illuminate\\View\\ViewServiceProvider->Illuminate\\View\\{closure}()
#2 C:\\Users\\Mriya\\OneDrive\\Documents\\CAT HEALTH\\backend\\vendor\\laravel\\framework\\src\\Illuminate\\Container\\Container.php(832): Illuminate\\Container\\Container->build()
#3 C:\\Users\\Mriya\\OneDrive\\Documents\\CAT HEALTH\\backend\\vendor\\laravel\\framework\\src\\Illuminate\\Foundation\\Application.php(1078): Illuminate\\Container\\Container->resolve()
#4 C:\\Users\\Mriya\\OneDrive\\Documents\\CAT HEALTH\\backend\\vendor\\laravel\\framework\\src\\Illuminate\\Container\\Container.php(763): Illuminate\\Foundation\\Application->resolve()
#5 C:\\Users\\Mriya\\OneDrive\\Documents\\CAT HEALTH\\backend\\vendor\\laravel\\framework\\src\\Illuminate\\Foundation\\Application.php(1058): Illuminate\\Container\\Container->make()
#6 C:\\Users\\Mriya\\OneDrive\\Documents\\CAT HEALTH\\backend\\vendor\\laravel\\framework\\src\\Illuminate\\View\\ViewServiceProvider.php(168): Illuminate\\Foundation\\Application->make()
#7 [internal function]: Illuminate\\View\\ViewServiceProvider->Illuminate\\View\\{closure}()
#8 C:\\Users\\Mriya\\OneDrive\\Documents\\CAT HEALTH\\backend\\vendor\\laravel\\framework\\src\\Illuminate\\View\\Engines\\EngineResolver.php(55): call_user_func()
#9 C:\\Users\\Mriya\\OneDrive\\Documents\\CAT HEALTH\\backend\\vendor\\laravel\\framework\\src\\Illuminate\\View\\Factory.php(326): Illuminate\\View\\Engines\\EngineResolver->resolve()
#10 C:\\Users\\Mriya\\OneDrive\\Documents\\CAT HEALTH\\backend\\vendor\\laravel\\framework\\src\\Illuminate\\View\\Factory.php(288): Illuminate\\View\\Factory->getEngineFromPath()
#11 C:\\Users\\Mriya\\OneDrive\\Documents\\CAT HEALTH\\backend\\vendor\\laravel\\framework\\src\\Illuminate\\View\\Factory.php(160): Illuminate\\View\\Factory->viewInstance()
#12 C:\\Users\\Mriya\\OneDrive\\Documents\\CAT HEALTH\\backend\\vendor\\laravel\\framework\\src\\Illuminate\\Routing\\ResponseFactory.php(90): Illuminate\\View\\Factory->make()
#13 C:\\Users\\Mriya\\OneDrive\\Documents\\CAT HEALTH\\backend\\vendor\\laravel\\framework\\src\\Illuminate\\Foundation\\Exceptions\\Handler.php(894): Illuminate\\Routing\\ResponseFactory->view()
#14 C:\\Users\\Mriya\\OneDrive\\Documents\\CAT HEALTH\\backend\\vendor\\laravel\\framework\\src\\Illuminate\\Foundation\\Exceptions\\Handler.php(815): Illuminate\\Foundation\\Exceptions\\Handler->renderHttpException()
#15 C:\\Users\\Mriya\\OneDrive\\Documents\\CAT HEALTH\\backend\\vendor\\laravel\\framework\\src\\Illuminate\\Foundation\\Exceptions\\Handler.php(706): Illuminate\\Foundation\\Exceptions\\Handler->prepareResponse()
#16 C:\\Users\\Mriya\\OneDrive\\Documents\\CAT HEALTH\\backend\\vendor\\laravel\\framework\\src\\Illuminate\\Foundation\\Exceptions\\Handler.php(594): Illuminate\\Foundation\\Exceptions\\Handler->renderExceptionResponse()
#17 C:\\Users\\Mriya\\OneDrive\\Documents\\CAT HEALTH\\backend\\vendor\\laravel\\framework\\src\\Illuminate\\Routing\\Pipeline.php(51): Illuminate\\Foundation\\Exceptions\\Handler->render()
#18 C:\\Users\\Mriya\\OneDrive\\Documents\\CAT HEALTH\\backend\\vendor\\laravel\\framework\\src\\Illuminate\\Pipeline\\Pipeline.php(172): Illuminate\\Routing\\Pipeline->handleException()
#19 C:\\Users\\Mriya\\OneDrive\\Documents\\CAT HEALTH\\backend\\vendor\\laravel\\framework\\src\\Illuminate\\Foundation\\Http\\Middleware\\TransformsRequest.php(21): Illuminate\\Pipeline\\Pipeline->Illuminate\\Pipeline\\{closure}()
#20 C:\\Users\\Mriya\\OneDrive\\Documents\\CAT HEALTH\\backend\\vendor\\laravel\\framework\\src\\Illuminate\\Foundation\\Http\\Middleware\\ConvertEmptyStringsToNull.php(31): Illuminate\\Foundation\\Http\\Middleware\\TransformsRequest->handle()
#21 C:\\Users\\Mriya\\OneDrive\\Documents\\CAT HEALTH\\backend\\vendor\\laravel\\framework\\src\\Illuminate\\Pipeline\\Pipeline.php(209): Illuminate\\Foundation\\Http\\Middleware\\ConvertEmptyStringsToNull->handle()
#22 C:\\Users\\Mriya\\OneDrive\\Documents\\CAT HEALTH\\backend\\vendor\\laravel\\framework\\src\\Illuminate\\Foundation\\Http\\Middleware\\TransformsRequest.php(21): Illuminate\\Pipeline\\Pipeline->Illuminate\\Pipeline\\{closure}()
#23 C:\\Users\\Mriya\\OneDrive\\Documents\\CAT HEALTH\\backend\\vendor\\laravel\\framework\\src\\Illuminate\\Foundation\\Http\\Middleware\\TrimStrings.php(51): Illuminate\\Foundation\\Http\\Middleware\\TransformsRequest->handle()
#24 C:\\Users\\Mriya\\OneDrive\\Documents\\CAT HEALTH\\backend\\vendor\\laravel\\framework\\src\\Illuminate\\Pipeline\\Pipeline.php(209): Illuminate\\Foundation\\Http\\Middleware\\TrimStrings->handle()
#25 C:\\Users\\Mriya\\OneDrive\\Documents\\CAT HEALTH\\backend\\vendor\\laravel\\framework\\src\\Illuminate\\Http\\Middleware\\ValidatePostSize.php(27): Illuminate\\Pipeline\\Pipeline->Illuminate\\Pipeline\\{closure}()
#26 C:\\Users\\Mriya\\OneDrive\\Documents\\CAT HEALTH\\backend\\vendor\\laravel\\framework\\src\\Illuminate\\Pipeline\\Pipeline.php(209): Illuminate\\Http\\Middleware\\ValidatePostSize->handle()
#27 C:\\Users\\Mriya\\OneDrive\\Documents\\CAT HEALTH\\backend\\vendor\\laravel\\framework\\src\\Illuminate\\Foundation\\Http\\Middleware\\PreventRequestsDuringMaintenance.php(110): Illuminate\\Pipeline\\Pipeline->Illuminate\\Pipeline\\{closure}()
#28 C:\\Users\\Mriya\\OneDrive\\Documents\\CAT HEALTH\\backend\\vendor\\laravel\\framework\\src\\Illuminate\\Pipeline\\Pipeline.php(209): Illuminate\\Foundation\\Http\\Middleware\\PreventRequestsDuringMaintenance->handle()
#29 C:\\Users\\Mriya\\OneDrive\\Documents\\CAT HEALTH\\backend\\vendor\\laravel\\framework\\src\\Illuminate\\Http\\Middleware\\HandleCors.php(49): Illuminate\\Pipeline\\Pipeline->Illuminate\\Pipeline\\{closure}()
#30 C:\\Users\\Mriya\\OneDrive\\Documents\\CAT HEALTH\\backend\\vendor\\laravel\\framework\\src\\Illuminate\\Pipeline\\Pipeline.php(209): Illuminate\\Http\\Middleware\\HandleCors->handle()
#31 C:\\Users\\Mriya\\OneDrive\\Documents\\CAT HEALTH\\backend\\vendor\\laravel\\framework\\src\\Illuminate\\Http\\Middleware\\TrustProxies.php(58): Illuminate\\Pipeline\\Pipeline->Illuminate\\Pipeline\\{closure}()
#32 C:\\Users\\Mriya\\OneDrive\\Documents\\CAT HEALTH\\backend\\vendor\\laravel\\framework\\src\\Illuminate\\Pipeline\\Pipeline.php(209): Illuminate\\Http\\Middleware\\TrustProxies->handle()
#33 C:\\Users\\Mriya\\OneDrive\\Documents\\CAT HEALTH\\backend\\vendor\\laravel\\framework\\src\\Illuminate\\Foundation\\Http\\Middleware\\InvokeDeferredCallbacks.php(22): Illuminate\\Pipeline\\Pipeline->Illuminate\\Pipeline\\{closure}()
#34 C:\\Users\\Mriya\\OneDrive\\Documents\\CAT HEALTH\\backend\\vendor\\laravel\\framework\\src\\Illuminate\\Pipeline\\Pipeline.php(209): Illuminate\\Foundation\\Http\\Middleware\\InvokeDeferredCallbacks->handle()
#35 C:\\Users\\Mriya\\OneDrive\\Documents\\CAT HEALTH\\backend\\vendor\\laravel\\framework\\src\\Illuminate\\Pipeline\\Pipeline.php(127): Illuminate\\Pipeline\\Pipeline->Illuminate\\Pipeline\\{closure}()
#36 C:\\Users\\Mriya\\OneDrive\\Documents\\CAT HEALTH\\backend\\vendor\\laravel\\framework\\src\\Illuminate\\Foundation\\Http\\Kernel.php(176): Illuminate\\Pipeline\\Pipeline->then()
#37 C:\\Users\\Mriya\\OneDrive\\Documents\\CAT HEALTH\\backend\\vendor\\laravel\\framework\\src\\Illuminate\\Foundation\\Http\\Kernel.php(145): Illuminate\\Foundation\\Http\\Kernel->sendRequestThroughRouter()
#38 C:\\Users\\Mriya\\OneDrive\\Documents\\CAT HEALTH\\backend\\vendor\\laravel\\framework\\src\\Illuminate\\Foundation\\Application.php(1220): Illuminate\\Foundation\\Http\\Kernel->handle()
#39 C:\\Users\\Mriya\\OneDrive\\Documents\\CAT HEALTH\\backend\\public\\index.php(17): Illuminate\\Foundation\\Application->handleRequest()
#40 C:\\Users\\Mriya\\OneDrive\\Documents\\CAT HEALTH\\backend\\vendor\\laravel\\framework\\src\\Illuminate\\Foundation\\resources\\server.php(23): require_once('...')
#41 {main}
"} 
[2025-12-28 13:54:14] local.ERROR: Please provide a valid cache path. {"exception":"[object] (InvalidArgumentException(code: 0): Please provide a valid cache path. at C:\\Users\\Mriya\\OneDrive\\Documents\\CAT HEALTH\\backend\\vendor\\laravel\\framework\\src\\Illuminate\\View\\Compilers\\Compiler.php:67)
[stacktrace]
#0 C:\\Users\\Mriya\\OneDrive\\Documents\\CAT HEALTH\\backend\\vendor\\laravel\\framework\\src\\Illuminate\\View\\ViewServiceProvider.php(97): Illuminate\\View\\Compilers\\Compiler->__construct()
#1 C:\\Users\\Mriya\\OneDrive\\Documents\\CAT HEALTH\\backend\\vendor\\laravel\\framework\\src\\Illuminate\\Container\\Container.php(952): Illuminate\\View\\ViewServiceProvider->Illuminate\\View\\{closure}()
#2 C:\\Users\\Mriya\\OneDrive\\Documents\\CAT HEALTH\\backend\\vendor\\laravel\\framework\\src\\Illuminate\\Container\\Container.php(832): Illuminate\\Container\\Container->build()
#3 C:\\Users\\Mriya\\OneDrive\\Documents\\CAT HEALTH\\backend\\vendor\\laravel\\framework\\src\\Illuminate\\Foundation\\Application.php(1078): Illuminate\\Container\\Container->resolve()
#4 C:\\Users\\Mriya\\OneDrive\\Documents\\CAT HEALTH\\backend\\vendor\\laravel\\framework\\src\\Illuminate\\Container\\Container.php(763): Illuminate\\Foundation\\Application->resolve()
#5 C:\\Users\\Mriya\\OneDrive\\Documents\\CAT HEALTH\\backend\\vendor\\laravel\\framework\\src\\Illuminate\\Foundation\\Application.php(1058): Illuminate\\Container\\Container->make()
#6 C:\\Users\\Mriya\\OneDrive\\Documents\\CAT HEALTH\\backend\\vendor\\laravel\\framework\\src\\Illuminate\\View\\ViewServiceProvider.php(168): Illuminate\\Foundation\\Application->make()
#7 [internal function]: Illuminate\\View\\ViewServiceProvider->Illuminate\\View\\{closure}()
#8 C:\\Users\\Mriya\\OneDrive\\Documents\\CAT HEALTH\\backend\\vendor\\laravel\\framework\\src\\Illuminate\\View\\Engines\\EngineResolver.php(55): call_user_func()
#9 C:\\Users\\Mriya\\OneDrive\\Documents\\CAT HEALTH\\backend\\vendor\\laravel\\framework\\src\\Illuminate\\View\\Factory.php(326): Illuminate\\View\\Engines\\EngineResolver->resolve()
#10 C:\\Users\\Mriya\\OneDrive\\Documents\\CAT HEALTH\\backend\\vendor\\laravel\\framework\\src\\Illuminate\\View\\Factory.php(288): Illuminate\\View\\Factory->getEngineFromPath()
#11 C:\\Users\\Mriya\\OneDrive\\Documents\\CAT HEALTH\\backend\\vendor\\laravel\\framework\\src\\Illuminate\\View\\Factory.php(160): Illuminate\\View\\Factory->viewInstance()
#12 C:\\Users\\Mriya\\OneDrive\\Documents\\CAT HEALTH\\backend\\vendor\\laravel\\framework\\src\\Illuminate\\Routing\\ResponseFactory.php(90): Illuminate\\View\\Factory->make()
#13 C:\\Users\\Mriya\\OneDrive\\Documents\\CAT HEALTH\\backend\\vendor\\laravel\\framework\\src\\Illuminate\\Foundation\\Exceptions\\Handler.php(894): Illuminate\\Routing\\ResponseFactory->view()
#14 C:\\Users\\Mriya\\OneDrive\\Documents\\CAT HEALTH\\backend\\vendor\\laravel\\framework\\src\\Illuminate\\Foundation\\Exceptions\\Handler.php(815): Illuminate\\Foundation\\Exceptions\\Handler->renderHttpException()
#15 C:\\Users\\Mriya\\OneDrive\\Documents\\CAT HEALTH\\backend\\vendor\\laravel\\framework\\src\\Illuminate\\Foundation\\Exceptions\\Handler.php(706): Illuminate\\Foundation\\Exceptions\\Handler->prepareResponse()
#16 C:\\Users\\Mriya\\OneDrive\\Documents\\CAT HEALTH\\backend\\vendor\\laravel\\framework\\src\\Illuminate\\Foundation\\Exceptions\\Handler.php(594): Illuminate\\Foundation\\Exceptions\\Handler->renderExceptionResponse()
#17 C:\\Users\\Mriya\\OneDrive\\Documents\\CAT HEALTH\\backend\\vendor\\laravel\\framework\\src\\Illuminate\\Routing\\Pipeline.php(51): Illuminate\\Foundation\\Exceptions\\Handler->render()
#18 C:\\Users\\Mriya\\OneDrive\\Documents\\CAT HEALTH\\backend\\vendor\\laravel\\framework\\src\\Illuminate\\Pipeline\\Pipeline.php(172): Illuminate\\Routing\\Pipeline->handleException()
#19 C:\\Users\\Mriya\\OneDrive\\Documents\\CAT HEALTH\\backend\\vendor\\laravel\\framework\\src\\Illuminate\\Foundation\\Http\\Middleware\\TransformsRequest.php(21): Illuminate\\Pipeline\\Pipeline->Illuminate\\Pipeline\\{closure}()
#20 C:\\Users\\Mriya\\OneDrive\\Documents\\CAT HEALTH\\backend\\vendor\\laravel\\framework\\src\\Illuminate\\Foundation\\Http\\Middleware\\ConvertEmptyStringsToNull.php(31): Illuminate\\Foundation\\Http\\Middleware\\TransformsRequest->handle()
#21 C:\\Users\\Mriya\\OneDrive\\Documents\\CAT HEALTH\\backend\\vendor\\laravel\\framework\\src\\Illuminate\\Pipeline\\Pipeline.php(209): Illuminate\\Foundation\\Http\\Middleware\\ConvertEmptyStringsToNull->handle()
#22 C:\\Users\\Mriya\\OneDrive\\Documents\\CAT HEALTH\\backend\\vendor\\laravel\\framework\\src\\Illuminate\\Foundation\\Http\\Middleware\\TransformsRequest.php(21): Illuminate\\Pipeline\\Pipeline->Illuminate\\Pipeline\\{closure}()
#23 C:\\Users\\Mriya\\OneDrive\\Documents\\CAT HEALTH\\backend\\vendor\\laravel\\framework\\src\\Illuminate\\Foundation\\Http\\Middleware\\TrimStrings.php(51): Illuminate\\Foundation\\Http\\Middleware\\TransformsRequest->handle()
#24 C:\\Users\\Mriya\\OneDrive\\Documents\\CAT HEALTH\\backend\\vendor\\laravel\\framework\\src\\Illuminate\\Pipeline\\Pipeline.php(209): Illuminate\\Foundation\\Http\\Middleware\\TrimStrings->handle()
#25 C:\\Users\\Mriya\\OneDrive\\Documents\\CAT HEALTH\\backend\\vendor\\laravel\\framework\\src\\Illuminate\\Http\\Middleware\\ValidatePostSize.php(27): Illuminate\\Pipeline\\Pipeline->Illuminate\\Pipeline\\{closure}()
#26 C:\\Users\\Mriya\\OneDrive\\Documents\\CAT HEALTH\\backend\\vendor\\laravel\\framework\\src\\Illuminate\\Pipeline\\Pipeline.php(209): Illuminate\\Http\\Middleware\\ValidatePostSize->handle()
#27 C:\\Users\\Mriya\\OneDrive\\Documents\\CAT HEALTH\\backend\\vendor\\laravel\\framework\\src\\Illuminate\\Foundation\\Http\\Middleware\\PreventRequestsDuringMaintenance.php(110): Illuminate\\Pipeline\\Pipeline->Illuminate\\Pipeline\\{closure}()
#28 C:\\Users\\Mriya\\OneDrive\\Documents\\CAT HEALTH\\backend\\vendor\\laravel\\framework\\src\\Illuminate\\Pipeline\\Pipeline.php(209): Illuminate\\Foundation\\Http\\Middleware\\PreventRequestsDuringMaintenance->handle()
#29 C:\\Users\\Mriya\\OneDrive\\Documents\\CAT HEALTH\\backend\\vendor\\laravel\\framework\\src\\Illuminate\\Http\\Middleware\\HandleCors.php(49): Illuminate\\Pipeline\\Pipeline->Illuminate\\Pipeline\\{closure}()
#30 C:\\Users\\Mriya\\OneDrive\\Documents\\CAT HEALTH\\backend\\vendor\\laravel\\framework\\src\\Illuminate\\Pipeline\\Pipeline.php(209): Illuminate\\Http\\Middleware\\HandleCors->handle()
#31 C:\\Users\\Mriya\\OneDrive\\Documents\\CAT HEALTH\\backend\\vendor\\laravel\\framework\\src\\Illuminate\\Http\\Middleware\\TrustProxies.php(58): Illuminate\\Pipeline\\Pipeline->Illuminate\\Pipeline\\{closure}()
#32 C:\\Users\\Mriya\\OneDrive\\Documents\\CAT HEALTH\\backend\\vendor\\laravel\\framework\\src\\Illuminate\\Pipeline\\Pipeline.php(209): Illuminate\\Http\\Middleware\\TrustProxies->handle()
#33 C:\\Users\\Mriya\\OneDrive\\Documents\\CAT HEALTH\\backend\\vendor\\laravel\\framework\\src\\Illuminate\\Foundation\\Http\\Middleware\\InvokeDeferredCallbacks.php(22): Illuminate\\Pipeline\\Pipeline->Illuminate\\Pipeline\\{closure}()
#34 C:\\Users\\Mriya\\OneDrive\\Documents\\CAT HEALTH\\backend\\vendor\\laravel\\framework\\src\\Illuminate\\Pipeline\\Pipeline.php(209): Illuminate\\Foundation\\Http\\Middleware\\InvokeDeferredCallbacks->handle()
#35 C:\\Users\\Mriya\\OneDrive\\Documents\\CAT HEALTH\\backend\\vendor\\laravel\\framework\\src\\Illuminate\\Pipeline\\Pipeline.php(127): Illuminate\\Pipeline\\Pipeline->Illuminate\\Pipeline\\{closure}()
#36 C:\\Users\\Mriya\\OneDrive\\Documents\\CAT HEALTH\\backend\\vendor\\laravel\\framework\\src\\Illuminate\\Foundation\\Http\\Kernel.php(176): Illuminate\\Pipeline\\Pipeline->then()
#37 C:\\Users\\Mriya\\OneDrive\\Documents\\CAT HEALTH\\backend\\vendor\\laravel\\framework\\src\\Illuminate\\Foundation\\Http\\Kernel.php(145): Illuminate\\Foundation\\Http\\Kernel->sendRequestThroughRouter()
#38 C:\\Users\\Mriya\\OneDrive\\Documents\\CAT HEALTH\\backend\\vendor\\laravel\\framework\\src\\Illuminate\\Foundation\\Application.php(1220): Illuminate\\Foundation\\Http\\Kernel->handle()
#39 C:\\Users\\Mriya\\OneDrive\\Documents\\CAT HEALTH\\backend\\public\\index.php(17): Illuminate\\Foundation\\Application->handleRequest()
#40 C:\\Users\\Mriya\\OneDrive\\Documents\\CAT HEALTH\\backend\\vendor\\laravel\\framework\\src\\Illuminate\\Foundation\\resources\\server.php(23): require_once('...')
#41 {main}
"} 
[2025-12-28 14:24:24] local.ERROR: SQLSTATE[42S02]: Base table or view not found: 1146 Table 'cat_health.cache' doesn't exist (Connection: mysql, SQL: delete from `cache`) {"exception":"[object] (Illuminate\\Database\\QueryException(code: 42S02): SQLSTATE[42S02]: Base table or view not found: 1146 Table 'cat_health.cache' doesn't exist (Connection: mysql, SQL: delete from `cache`) at C:\\Users\\Mriya\\OneDrive\\Documents\\CAT HEALTH\\backend\\vendor\\laravel\\framework\\src\\Illuminate\\Database\\Connection.php:825)
[stacktrace]
#0 C:\\Users\\Mriya\\OneDrive\\Documents\\CAT HEALTH\\backend\\vendor\\laravel\\framework\\src\\Illuminate\\Database\\Connection.php(779): Illuminate\\Database\\Connection->runQueryCallback()
#1 C:\\Users\\Mriya\\OneDrive\\Documents\\CAT HEALTH\\backend\\vendor\\laravel\\framework\\src\\Illuminate\\Database\\Connection.php(584): Illuminate\\Database\\Connection->run()
#2 C:\\Users\\Mriya\\OneDrive\\Documents\\CAT HEALTH\\backend\\vendor\\laravel\\framework\\src\\Illuminate\\Database\\Connection.php(548): Illuminate\\Database\\Connection->affectingStatement()
#3 C:\\Users\\Mriya\\OneDrive\\Documents\\CAT HEALTH\\backend\\vendor\\laravel\\framework\\src\\Illuminate\\Database\\Query\\Builder.php(4024): Illuminate\\Database\\Connection->delete()
#4 C:\\Users\\Mriya\\OneDrive\\Documents\\CAT HEALTH\\backend\\vendor\\laravel\\framework\\src\\Illuminate\\Cache\\DatabaseStore.php(422): Illuminate\\Database\\Query\\Builder->delete()
#5 C:\\Users\\Mriya\\OneDrive\\Documents\\CAT HEALTH\\backend\\vendor\\laravel\\framework\\src\\Illuminate\\Cache\\Repository.php(792): Illuminate\\Cache\\DatabaseStore->flush()
#6 C:\\Users\\Mriya\\OneDrive\\Documents\\CAT HEALTH\\backend\\vendor\\laravel\\framework\\src\\Illuminate\\Cache\\Console\\ClearCommand.php(69): Illuminate\\Cache\\Repository->__call()
#7 C:\\Users\\Mriya\\OneDrive\\Documents\\CAT HEALTH\\backend\\vendor\\laravel\\framework\\src\\Illuminate\\Container\\BoundMethod.php(36): Illuminate\\Cache\\Console\\ClearCommand->handle()
#8 C:\\Users\\Mriya\\OneDrive\\Documents\\CAT HEALTH\\backend\\vendor\\laravel\\framework\\src\\Illuminate\\Container\\Util.php(43): Illuminate\\Container\\BoundMethod::Illuminate\\Container\\{closure}()
#9 C:\\Users\\Mriya\\OneDrive\\Documents\\CAT HEALTH\\backend\\vendor\\laravel\\framework\\src\\Illuminate\\Container\\BoundMethod.php(95): Illuminate\\Container\\Util::unwrapIfClosure()
#10 C:\\Users\\Mriya\\OneDrive\\Documents\\CAT HEALTH\\backend\\vendor\\laravel\\framework\\src\\Illuminate\\Container\\BoundMethod.php(35): Illuminate\\Container\\BoundMethod::callBoundMethod()
#11 C:\\Users\\Mriya\\OneDrive\\Documents\\CAT HEALTH\\backend\\vendor\\laravel\\framework\\src\\Illuminate\\Container\\Container.php(696): Illuminate\\Container\\BoundMethod::call()
#12 C:\\Users\\Mriya\\OneDrive\\Documents\\CAT HEALTH\\backend\\vendor\\laravel\\framework\\src\\Illuminate\\Console\\Command.php(213): Illuminate\\Container\\Container->call()
#13 C:\\Users\\Mriya\\OneDrive\\Documents\\CAT HEALTH\\backend\\vendor\\symfony\\console\\Command\\Command.php(341): Illuminate\\Console\\Command->execute()
#14 C:\\Users\\Mriya\\OneDrive\\Documents\\CAT HEALTH\\backend\\vendor\\laravel\\framework\\src\\Illuminate\\Console\\Command.php(182): Symfony\\Component\\Console\\Command\\Command->run()
#15 C:\\Users\\Mriya\\OneDrive\\Documents\\CAT HEALTH\\backend\\vendor\\symfony\\console\\Application.php(1102): Illuminate\\Console\\Command->run()
#16 C:\\Users\\Mriya\\OneDrive\\Documents\\CAT HEALTH\\backend\\vendor\\symfony\\console\\Application.php(356): Symfony\\Component\\Console\\Application->doRunCommand()
#17 C:\\Users\\Mriya\\OneDrive\\Documents\\CAT HEALTH\\backend\\vendor\\symfony\\console\\Application.php(195): Symfony\\Component\\Console\\Application->doRun()
#18 C:\\Users\\Mriya\\OneDrive\\Documents\\CAT HEALTH\\backend\\vendor\\laravel\\framework\\src\\Illuminate\\Foundation\\Console\\Kernel.php(198): Symfony\\Component\\Console\\Application->run()
#19 C:\\Users\\Mriya\\OneDrive\\Documents\\CAT HEALTH\\backend\\vendor\\laravel\\framework\\src\\Illuminate\\Foundation\\Application.php(1235): Illuminate\\Foundation\\Console\\Kernel->handle()
#20 C:\\Users\\Mriya\\OneDrive\\Documents\\CAT HEALTH\\backend\\artisan(13): Illuminate\\Foundation\\Application->handleCommand()
#21 {main}

[previous exception] [object] (PDOException(code: 42S02): SQLSTATE[42S02]: Base table or view not found: 1146 Table 'cat_health.cache' doesn't exist at C:\\Users\\Mriya\\OneDrive\\Documents\\CAT HEALTH\\backend\\vendor\\laravel\\framework\\src\\Illuminate\\Database\\Connection.php:592)
[stacktrace]
#0 C:\\Users\\Mriya\\OneDrive\\Documents\\CAT HEALTH\\backend\\vendor\\laravel\\framework\\src\\Illuminate\\Database\\Connection.php(592): PDO->prepare()
#1 C:\\Users\\Mriya\\OneDrive\\Documents\\CAT HEALTH\\backend\\vendor\\laravel\\framework\\src\\Illuminate\\Database\\Connection.php(812): Illuminate\\Database\\Connection->Illuminate\\Database\\{closure}()
#2 C:\\Users\\Mriya\\OneDrive\\Documents\\CAT HEALTH\\backend\\vendor\\laravel\\framework\\src\\Illuminate\\Database\\Connection.php(779): Illuminate\\Database\\Connection->runQueryCallback()
#3 C:\\Users\\Mriya\\OneDrive\\Documents\\CAT HEALTH\\backend\\vendor\\laravel\\framework\\src\\Illuminate\\Database\\Connection.php(584): Illuminate\\Database\\Connection->run()
#4 C:\\Users\\Mriya\\OneDrive\\Documents\\CAT HEALTH\\backend\\vendor\\laravel\\framework\\src\\Illuminate\\Database\\Connection.php(548): Illuminate\\Database\\Connection->affectingStatement()
#5 C:\\Users\\Mriya\\OneDrive\\Documents\\CAT HEALTH\\backend\\vendor\\laravel\\framework\\src\\Illuminate\\Database\\Query\\Builder.php(4024): Illuminate\\Database\\Connection->delete()
#6 C:\\Users\\Mriya\\OneDrive\\Documents\\CAT HEALTH\\backend\\vendor\\laravel\\framework\\src\\Illuminate\\Cache\\DatabaseStore.php(422): Illuminate\\Database\\Query\\Builder->delete()
#7 C:\\Users\\Mriya\\OneDrive\\Documents\\CAT HEALTH\\backend\\vendor\\laravel\\framework\\src\\Illuminate\\Cache\\Repository.php(792): Illuminate\\Cache\\DatabaseStore->flush()
#8 C:\\Users\\Mriya\\OneDrive\\Documents\\CAT HEALTH\\backend\\vendor\\laravel\\framework\\src\\Illuminate\\Cache\\Console\\ClearCommand.php(69): Illuminate\\Cache\\Repository->__call()
#9 C:\\Users\\Mriya\\OneDrive\\Documents\\CAT HEALTH\\backend\\vendor\\laravel\\framework\\src\\Illuminate\\Container\\BoundMethod.php(36): Illuminate\\Cache\\Console\\ClearCommand->handle()
#10 C:\\Users\\Mriya\\OneDrive\\Documents\\CAT HEALTH\\backend\\vendor\\laravel\\framework\\src\\Illuminate\\Container\\Util.php(43): Illuminate\\Container\\BoundMethod::Illuminate\\Container\\{closure}()
#11 C:\\Users\\Mriya\\OneDrive\\Documents\\CAT HEALTH\\backend\\vendor\\laravel\\framework\\src\\Illuminate\\Container\\BoundMethod.php(95): Illuminate\\Container\\Util::unwrapIfClosure()
#12 C:\\Users\\Mriya\\OneDrive\\Documents\\CAT HEALTH\\backend\\vendor\\laravel\\framework\\src\\Illuminate\\Container\\BoundMethod.php(35): Illuminate\\Container\\BoundMethod::callBoundMethod()
#13 C:\\Users\\Mriya\\OneDrive\\Documents\\CAT HEALTH\\backend\\vendor\\laravel\\framework\\src\\Illuminate\\Container\\Container.php(696): Illuminate\\Container\\BoundMethod::call()
#14 C:\\Users\\Mriya\\OneDrive\\Documents\\CAT HEALTH\\backend\\vendor\\laravel\\framework\\src\\Illuminate\\Console\\Command.php(213): Illuminate\\Container\\Container->call()
#15 C:\\Users\\Mriya\\OneDrive\\Documents\\CAT HEALTH\\backend\\vendor\\symfony\\console\\Command\\Command.php(341): Illuminate\\Console\\Command->execute()
#16 C:\\Users\\Mriya\\OneDrive\\Documents\\CAT HEALTH\\backend\\vendor\\laravel\\framework\\src\\Illuminate\\Console\\Command.php(182): Symfony\\Component\\Console\\Command\\Command->run()
#17 C:\\Users\\Mriya\\OneDrive\\Documents\\CAT HEALTH\\backend\\vendor\\symfony\\console\\Application.php(1102): Illuminate\\Console\\Command->run()
#18 C:\\Users\\Mriya\\OneDrive\\Documents\\CAT HEALTH\\backend\\vendor\\symfony\\console\\Application.php(356): Symfony\\Component\\Console\\Application->doRunCommand()
#19 C:\\Users\\Mriya\\OneDrive\\Documents\\CAT HEALTH\\backend\\vendor\\symfony\\console\\Application.php(195): Symfony\\Component\\Console\\Application->doRun()
#20 C:\\Users\\Mriya\\OneDrive\\Documents\\CAT HEALTH\\backend\\vendor\\laravel\\framework\\src\\Illuminate\\Foundation\\Console\\Kernel.php(198): Symfony\\Component\\Console\\Application->run()
#21 C:\\Users\\Mriya\\OneDrive\\Documents\\CAT HEALTH\\backend\\vendor\\laravel\\framework\\src\\Illuminate\\Foundation\\Application.php(1235): Illuminate\\Foundation\\Console\\Kernel->handle()
#22 C:\\Users\\Mriya\\OneDrive\\Documents\\CAT HEALTH\\backend\\artisan(13): Illuminate\\Foundation\\Application->handleCommand()
#23 {main}
"} 
